Using pre-set license
Built from '2020.3/release' branch; Version is '2020.3.12f1 (b3b2c6512326) revision 11776710'; Using compiler version '192528614'; Build Type 'Release'
OS: 'Windows 10 Home Single Language; OS build 19043.1348; Version 2009; 64bit' Language: 'ru' Physical Memory: 16328 MB
BatchMode: 1, IsHumanControllingUs: 0, StartBugReporterOnCrash: 0, Is64bit: 1, IsPro: 0

 COMMAND LINE ARGUMENTS:
D:\Unity Editors Path\2020.3.12f1\Editor\Unity.exe
-adb2
-batchMode
-noUpm
-name
AssetImportWorker0
-projectPath
D:/GitHub Projects/GB_GameJam/GB_GameJam
-logFile
Logs/AssetImportWorker0.log
-srvPort
54526
Successfully changed project path to: D:/GitHub Projects/GB_GameJam/GB_GameJam
D:/GitHub Projects/GB_GameJam/GB_GameJam
Using Asset Import Pipeline V2.
Refreshing native plugins compatible for Editor in 58.19 ms, found 3 plugins.
Preloading 0 native plugins for Editor in 0.00 ms.
Initialize engine version: 2020.3.12f1 (b3b2c6512326)
[Subsystems] Discovering subsystems at path D:/Unity Editors Path/2020.3.12f1/Editor/Data/Resources/UnitySubsystems
[Subsystems] Discovering subsystems at path D:/GitHub Projects/GB_GameJam/GB_GameJam/Assets
GfxDevice: creating device client; threaded=0
Direct3D:
    Version:  Direct3D 11.0 [level 11.1]
    Renderer: NVIDIA GeForce GTX 1060 6GB (ID=0x1c03)
    Vendor:   
    VRAM:     6052 MB
    Driver:   30.0.14.7168
Initialize mono
Mono path[0] = 'D:/Unity Editors Path/2020.3.12f1/Editor/Data/Managed'
Mono path[1] = 'D:/Unity Editors Path/2020.3.12f1/Editor/Data/MonoBleedingEdge/lib/mono/unityjit'
Mono config path = 'D:/Unity Editors Path/2020.3.12f1/Editor/Data/MonoBleedingEdge/etc'
Using monoOptions --debugger-agent=transport=dt_socket,embedding=1,server=y,suspend=n,address=127.0.0.1:56668
Begin MonoManager ReloadAssembly
Registering precompiled unity dll's ...
Register platform support module: D:/Unity Editors Path/2020.3.12f1/Editor/Data/PlaybackEngines/WindowsStandaloneSupport/UnityEditor.WindowsStandalone.Extensions.dll
Registered in 0.001523 seconds.
Native extension for WindowsStandalone target not found
Refreshing native plugins compatible for Editor in 58.02 ms, found 3 plugins.
Preloading 0 native plugins for Editor in 0.00 ms.
Mono: successfully reloaded assembly
- Completed reload, in  0.910 seconds
Platform modules already initialized, skipping
Registering precompiled user dll's ...
Registered in 0.003249 seconds.
Begin MonoManager ReloadAssembly
Native extension for WindowsStandalone target not found
Refreshing native plugins compatible for Editor in 57.61 ms, found 3 plugins.
Preloading 0 native plugins for Editor in 0.00 ms.
Mono: successfully reloaded assembly
- Completed reload, in  1.087 seconds
Platform modules already initialized, skipping
========================================================================
Worker process is ready to serve import requests
Launched and connected shader compiler UnityShaderCompiler.exe after 0.04 seconds
Refreshing native plugins compatible for Editor in 1.14 ms, found 3 plugins.
Preloading 0 native plugins for Editor in 0.00 ms.
Unloading 2557 Unused Serialized files (Serialized files now loaded: 0)
System memory in use before: 118.4 MB.
System memory in use after: 118.6 MB.

Unloading 29 unused Assets to reduce memory usage. Loaded Objects now: 2996.
Total: 4.153200 ms (FindLiveObjects: 0.410100 ms CreateObjectMapping: 0.293200 ms MarkObjects: 3.333500 ms  DeleteObjects: 0.114800 ms)

AssetImportParameters requested are different than current active one (requested -> active):
  custom:framework-win-MediaFoundation: 216162199b28c13a410421893ffa2e32 -> 
  custom:video-decoder-ogg-theora: a1e56fd34408186e4bbccfd4996cb3dc -> 
  custom:container-muxer-webm: aa71ff27fc2769a1b78a27578f13a17b -> 
  custom:container-demuxer-webm: 4f35f7cbe854078d1ac9338744f61a02 -> 
  custom:container-demuxer-ogg: 62fdf1f143b41e24485cea50d1cbac27 -> 
  custom:video-encoder-webm-vp8: eb34c28f22e8b96e1ab97ce403110664 -> 
  custom:video-decoder-webm-vp8: 9c59270c3fd7afecdb556c50c9e8de78 -> 
  custom:audio-decoder-ogg-vorbis: bf7c407c2cedff20999df2af8eb42d56 -> 
  custom:audio-encoder-webm-vorbis: bf7c407c2cedff20999df2af8eb42d56 -> 
========================================================================
Received Import Request.
  path: Assets/2DGamekit/Readme.asset
  artifactKey: Guid(83c2ed844a8c74b779a4c823d16594b1) Importer(815301076,1909f56bfc062723c751e8b465ee728b)
Start importing Assets/2DGamekit/Readme.asset using Guid(83c2ed844a8c74b779a4c823d16594b1) Importer(815301076,1909f56bfc062723c751e8b465ee728b)  -> (artifact id: 'd6c7e89498f213c04f7580f79f64ffae') in 0.037384 seconds 
  Import took 0.041771 seconds .

========================================================================
Received Import Request.
  Time since last request: 32.499501 seconds.
  path: Assets/2DGamekit/Scenes
  artifactKey: Guid(2592c7313e4536046898c207f0576ff8) Importer(815301076,1909f56bfc062723c751e8b465ee728b)
Start importing Assets/2DGamekit/Scenes using Guid(2592c7313e4536046898c207f0576ff8) Importer(815301076,1909f56bfc062723c751e8b465ee728b)  -> (artifact id: '8e2eecc31083bfd374c026fef1cc9888') in 0.002878 seconds 
  Import took 0.006854 seconds .

========================================================================
Received Import Request.
  Time since last request: 0.060143 seconds.
  path: Assets/2DGamekit/Scenes
  artifactKey: Guid(2592c7313e4536046898c207f0576ff8) Importer(815301076,1909f56bfc062723c751e8b465ee728b)
Start importing Assets/2DGamekit/Scenes using Guid(2592c7313e4536046898c207f0576ff8) Importer(815301076,1909f56bfc062723c751e8b465ee728b)  -> (artifact id: '8e2eecc31083bfd374c026fef1cc9888') in 0.002559 seconds 
  Import took 0.007674 seconds .

========================================================================
Received Import Request.
  Time since last request: 1.857569 seconds.
  path: Assets/2DGamekit/Scenes/Start.unity
  artifactKey: Guid(57df1e417250bc247976c2c0dc088efe) Importer(815301076,1909f56bfc062723c751e8b465ee728b)
Start importing Assets/2DGamekit/Scenes/Start.unity using Guid(57df1e417250bc247976c2c0dc088efe) Importer(815301076,1909f56bfc062723c751e8b465ee728b)  -> (artifact id: 'a69d1a1dbb5ee394d1fa3014e2d41548') in 0.003696 seconds 
  Import took 0.008728 seconds .

========================================================================
Received Import Request.
  Time since last request: 1.327504 seconds.
  path: Assets/2DGamekit/Scenes/Zone1.unity
  artifactKey: Guid(a94cb8f134bf81349ad016c79b629e3d) Importer(815301076,1909f56bfc062723c751e8b465ee728b)
Start importing Assets/2DGamekit/Scenes/Zone1.unity using Guid(a94cb8f134bf81349ad016c79b629e3d) Importer(815301076,1909f56bfc062723c751e8b465ee728b)  -> (artifact id: 'a9ebe768f259acbea4ed73bb51695cc4') in 0.003435 seconds 
  Import took 0.008150 seconds .

========================================================================
Received Import Request.
  Time since last request: 0.004388 seconds.
  path: Assets/2DGamekit/Scenes/Zone1.unity
  artifactKey: Guid(a94cb8f134bf81349ad016c79b629e3d) Importer(815301076,1909f56bfc062723c751e8b465ee728b)
Start importing Assets/2DGamekit/Scenes/Zone1.unity using Guid(a94cb8f134bf81349ad016c79b629e3d) Importer(815301076,1909f56bfc062723c751e8b465ee728b)  -> (artifact id: 'a9ebe768f259acbea4ed73bb51695cc4') in 0.002761 seconds 
  Import took 0.007297 seconds .

========================================================================
Received Prepare
Registering precompiled user dll's ...
Registered in 0.004145 seconds.
Begin MonoManager ReloadAssembly
Native extension for WindowsStandalone target not found
Refreshing native plugins compatible for Editor in 1.22 ms, found 3 plugins.
Preloading 0 native plugins for Editor in 0.00 ms.
Mono: successfully reloaded assembly
- Completed reload, in  1.564 seconds
Platform modules already initialized, skipping
Refreshing native plugins compatible for Editor in 1.20 ms, found 3 plugins.
Preloading 0 native plugins for Editor in 0.00 ms.
Unloading 2499 Unused Serialized files (Serialized files now loaded: 0)
System memory in use before: 113.3 MB.
System memory in use after: 113.6 MB.

Unloading 17 unused Assets to reduce memory usage. Loaded Objects now: 3000.
Total: 3.316000 ms (FindLiveObjects: 0.374400 ms CreateObjectMapping: 0.287300 ms MarkObjects: 2.627800 ms  DeleteObjects: 0.025600 ms)

AssetImportParameters requested are different than current active one (requested -> active):
  custom:framework-win-MediaFoundation: 216162199b28c13a410421893ffa2e32 -> 
  custom:video-decoder-ogg-theora: a1e56fd34408186e4bbccfd4996cb3dc -> 
  custom:container-muxer-webm: aa71ff27fc2769a1b78a27578f13a17b -> 
  custom:container-demuxer-webm: 4f35f7cbe854078d1ac9338744f61a02 -> 
  custom:container-demuxer-ogg: 62fdf1f143b41e24485cea50d1cbac27 -> 
  custom:video-encoder-webm-vp8: eb34c28f22e8b96e1ab97ce403110664 -> 
  custom:video-decoder-webm-vp8: 9c59270c3fd7afecdb556c50c9e8de78 -> 
  custom:audio-decoder-ogg-vorbis: bf7c407c2cedff20999df2af8eb42d56 -> 
  custom:audio-encoder-webm-vorbis: bf7c407c2cedff20999df2af8eb42d56 -> 
========================================================================
Received Import Request.
  Time since last request: 1099.632203 seconds.
  path: Assets/2DGamekit/Scenes/Zone3.unity
  artifactKey: Guid(4b4b0e246fc7dbb4295a38fd03241362) Importer(815301076,1909f56bfc062723c751e8b465ee728b)
Start importing Assets/2DGamekit/Scenes/Zone3.unity using Guid(4b4b0e246fc7dbb4295a38fd03241362) Importer(815301076,1909f56bfc062723c751e8b465ee728b)  -> (artifact id: '2956eabc2a9489cd6795e651596e4c51') in 0.017155 seconds 
  Import took 0.022481 seconds .

========================================================================
Received Prepare
Registering precompiled user dll's ...
Registered in 0.004241 seconds.
Begin MonoManager ReloadAssembly
Native extension for WindowsStandalone target not found
Refreshing native plugins compatible for Editor in 1.35 ms, found 3 plugins.
Preloading 0 native plugins for Editor in 0.00 ms.
Mono: successfully reloaded assembly
- Completed reload, in  1.514 seconds
Platform modules already initialized, skipping
Refreshing native plugins compatible for Editor in 0.73 ms, found 3 plugins.
Preloading 0 native plugins for Editor in 0.00 ms.
Unloading 2499 Unused Serialized files (Serialized files now loaded: 0)
System memory in use before: 113.4 MB.
System memory in use after: 113.6 MB.

Unloading 17 unused Assets to reduce memory usage. Loaded Objects now: 3004.
Total: 2.841700 ms (FindLiveObjects: 0.303500 ms CreateObjectMapping: 0.214100 ms MarkObjects: 2.296900 ms  DeleteObjects: 0.026300 ms)

AssetImportParameters requested are different than current active one (requested -> active):
  custom:framework-win-MediaFoundation: 216162199b28c13a410421893ffa2e32 -> 
  custom:video-decoder-ogg-theora: a1e56fd34408186e4bbccfd4996cb3dc -> 
  custom:container-muxer-webm: aa71ff27fc2769a1b78a27578f13a17b -> 
  custom:container-demuxer-webm: 4f35f7cbe854078d1ac9338744f61a02 -> 
  custom:container-demuxer-ogg: 62fdf1f143b41e24485cea50d1cbac27 -> 
  custom:video-encoder-webm-vp8: eb34c28f22e8b96e1ab97ce403110664 -> 
  custom:video-decoder-webm-vp8: 9c59270c3fd7afecdb556c50c9e8de78 -> 
  custom:audio-decoder-ogg-vorbis: bf7c407c2cedff20999df2af8eb42d56 -> 
  custom:audio-encoder-webm-vorbis: bf7c407c2cedff20999df2af8eb42d56 -> 
========================================================================
Received Import Request.
  Time since last request: 1995.537556 seconds.
  path: Assets/2DGamekit/Scenes/Zone4.unity
  artifactKey: Guid(5b0c2d9ddd151ba489db19a4fb634327) Importer(815301076,1909f56bfc062723c751e8b465ee728b)
Start importing Assets/2DGamekit/Scenes/Zone4.unity using Guid(5b0c2d9ddd151ba489db19a4fb634327) Importer(815301076,1909f56bfc062723c751e8b465ee728b)  -> (artifact id: 'fa0079698edf589573ca72713f1858e0') in 0.017503 seconds 
  Import took 0.023974 seconds .

========================================================================
Received Prepare
Registering precompiled user dll's ...
Registered in 0.004528 seconds.
Begin MonoManager ReloadAssembly
Native extension for WindowsStandalone target not found
Refreshing native plugins compatible for Editor in 0.78 ms, found 3 plugins.
Preloading 0 native plugins for Editor in 0.00 ms.
Mono: successfully reloaded assembly
- Completed reload, in  1.552 seconds
Platform modules already initialized, skipping
Refreshing native plugins compatible for Editor in 0.82 ms, found 3 plugins.
Preloading 0 native plugins for Editor in 0.00 ms.
Unloading 2499 Unused Serialized files (Serialized files now loaded: 0)
System memory in use before: 113.4 MB.
System memory in use after: 113.6 MB.

Unloading 17 unused Assets to reduce memory usage. Loaded Objects now: 3008.
Total: 2.705000 ms (FindLiveObjects: 0.302600 ms CreateObjectMapping: 0.132600 ms MarkObjects: 2.242200 ms  DeleteObjects: 0.026300 ms)

AssetImportParameters requested are different than current active one (requested -> active):
  custom:framework-win-MediaFoundation: 216162199b28c13a410421893ffa2e32 -> 
  custom:video-decoder-ogg-theora: a1e56fd34408186e4bbccfd4996cb3dc -> 
  custom:container-muxer-webm: aa71ff27fc2769a1b78a27578f13a17b -> 
  custom:container-demuxer-webm: 4f35f7cbe854078d1ac9338744f61a02 -> 
  custom:container-demuxer-ogg: 62fdf1f143b41e24485cea50d1cbac27 -> 
  custom:video-encoder-webm-vp8: eb34c28f22e8b96e1ab97ce403110664 -> 
  custom:video-decoder-webm-vp8: 9c59270c3fd7afecdb556c50c9e8de78 -> 
  custom:audio-decoder-ogg-vorbis: bf7c407c2cedff20999df2af8eb42d56 -> 
  custom:audio-encoder-webm-vorbis: bf7c407c2cedff20999df2af8eb42d56 -> 
========================================================================
Received Prepare
Registering precompiled user dll's ...
Registered in 0.003208 seconds.
Begin MonoManager ReloadAssembly
Native extension for WindowsStandalone target not found
Refreshing native plugins compatible for Editor in 1.08 ms, found 3 plugins.
Preloading 0 native plugins for Editor in 0.00 ms.
Mono: successfully reloaded assembly
- Completed reload, in  1.090 seconds
Platform modules already initialized, skipping
Refreshing native plugins compatible for Editor in 0.76 ms, found 3 plugins.
Preloading 0 native plugins for Editor in 0.00 ms.
Unloading 2499 Unused Serialized files (Serialized files now loaded: 0)
System memory in use before: 113.5 MB.
System memory in use after: 113.7 MB.

Unloading 17 unused Assets to reduce memory usage. Loaded Objects now: 3012.
Total: 2.752900 ms (FindLiveObjects: 0.348000 ms CreateObjectMapping: 0.106300 ms MarkObjects: 2.270500 ms  DeleteObjects: 0.026600 ms)

AssetImportParameters requested are different than current active one (requested -> active):
  custom:framework-win-MediaFoundation: 216162199b28c13a410421893ffa2e32 -> 
  custom:video-decoder-ogg-theora: a1e56fd34408186e4bbccfd4996cb3dc -> 
  custom:container-muxer-webm: aa71ff27fc2769a1b78a27578f13a17b -> 
  custom:container-demuxer-webm: 4f35f7cbe854078d1ac9338744f61a02 -> 
  custom:container-demuxer-ogg: 62fdf1f143b41e24485cea50d1cbac27 -> 
  custom:video-encoder-webm-vp8: eb34c28f22e8b96e1ab97ce403110664 -> 
  custom:video-decoder-webm-vp8: 9c59270c3fd7afecdb556c50c9e8de78 -> 
  custom:audio-decoder-ogg-vorbis: bf7c407c2cedff20999df2af8eb42d56 -> 
  custom:audio-encoder-webm-vorbis: bf7c407c2cedff20999df2af8eb42d56 -> 
========================================================================
Received Import Request.
  Time since last request: 6389.274712 seconds.
  path: Assets/2DGamekit/Scenes/Zone5.unity
  artifactKey: Guid(960b12f881940d84983273421bebc695) Importer(815301076,1909f56bfc062723c751e8b465ee728b)
Start importing Assets/2DGamekit/Scenes/Zone5.unity using Guid(960b12f881940d84983273421bebc695) Importer(815301076,1909f56bfc062723c751e8b465ee728b)  -> (artifact id: 'd4b62425c2642bdb0206c331254a66e6') in 0.036006 seconds 
  Import took 0.042072 seconds .

========================================================================
Received Prepare
Registering precompiled user dll's ...
Registered in 0.004074 seconds.
Begin MonoManager ReloadAssembly
Native extension for WindowsStandalone target not found
Refreshing native plugins compatible for Editor in 0.79 ms, found 3 plugins.
Preloading 0 native plugins for Editor in 0.00 ms.
Mono: successfully reloaded assembly
- Completed reload, in  1.354 seconds
Platform modules already initialized, skipping
Refreshing native plugins compatible for Editor in 0.82 ms, found 3 plugins.
Preloading 0 native plugins for Editor in 0.00 ms.
Unloading 2499 Unused Serialized files (Serialized files now loaded: 0)
System memory in use before: 113.5 MB.
System memory in use after: 113.7 MB.

Unloading 17 unused Assets to reduce memory usage. Loaded Objects now: 3016.
Total: 3.221400 ms (FindLiveObjects: 0.225600 ms CreateObjectMapping: 0.155300 ms MarkObjects: 2.799900 ms  DeleteObjects: 0.039500 ms)

AssetImportParameters requested are different than current active one (requested -> active):
  custom:framework-win-MediaFoundation: 216162199b28c13a410421893ffa2e32 -> 
  custom:video-decoder-ogg-theora: a1e56fd34408186e4bbccfd4996cb3dc -> 
  custom:container-muxer-webm: aa71ff27fc2769a1b78a27578f13a17b -> 
  custom:container-demuxer-webm: 4f35f7cbe854078d1ac9338744f61a02 -> 
  custom:container-demuxer-ogg: 62fdf1f143b41e24485cea50d1cbac27 -> 
  custom:video-encoder-webm-vp8: eb34c28f22e8b96e1ab97ce403110664 -> 
  custom:video-decoder-webm-vp8: 9c59270c3fd7afecdb556c50c9e8de78 -> 
  custom:audio-decoder-ogg-vorbis: bf7c407c2cedff20999df2af8eb42d56 -> 
  custom:audio-encoder-webm-vorbis: bf7c407c2cedff20999df2af8eb42d56 -> 
========================================================================
Received Prepare
Registering precompiled user dll's ...
Registered in 0.003633 seconds.
Begin MonoManager ReloadAssembly
Native extension for WindowsStandalone target not found
Refreshing native plugins compatible for Editor in 0.73 ms, found 3 plugins.
Preloading 0 native plugins for Editor in 0.00 ms.
Mono: successfully reloaded assembly
- Completed reload, in  1.070 seconds
Platform modules already initialized, skipping
Refreshing native plugins compatible for Editor in 0.85 ms, found 3 plugins.
Preloading 0 native plugins for Editor in 0.00 ms.
Unloading 2499 Unused Serialized files (Serialized files now loaded: 0)
System memory in use before: 113.5 MB.
System memory in use after: 113.7 MB.

Unloading 17 unused Assets to reduce memory usage. Loaded Objects now: 3020.
Total: 2.137900 ms (FindLiveObjects: 0.212100 ms CreateObjectMapping: 0.096100 ms MarkObjects: 1.809200 ms  DeleteObjects: 0.019700 ms)

AssetImportParameters requested are different than current active one (requested -> active):
  custom:framework-win-MediaFoundation: 216162199b28c13a410421893ffa2e32 -> 
  custom:video-decoder-ogg-theora: a1e56fd34408186e4bbccfd4996cb3dc -> 
  custom:container-muxer-webm: aa71ff27fc2769a1b78a27578f13a17b -> 
  custom:container-demuxer-webm: 4f35f7cbe854078d1ac9338744f61a02 -> 
  custom:container-demuxer-ogg: 62fdf1f143b41e24485cea50d1cbac27 -> 
  custom:video-encoder-webm-vp8: eb34c28f22e8b96e1ab97ce403110664 -> 
  custom:video-decoder-webm-vp8: 9c59270c3fd7afecdb556c50c9e8de78 -> 
  custom:audio-decoder-ogg-vorbis: bf7c407c2cedff20999df2af8eb42d56 -> 
  custom:audio-encoder-webm-vorbis: bf7c407c2cedff20999df2af8eb42d56 -> 
========================================================================
Received Import Request.
  Time since last request: 6489.660725 seconds.
  path: Assets/2DGamekit/Prefabs/Environment/Acid.prefab
  artifactKey: Guid(3aa03ae1689a947448e3ea2b622614f1) Importer(815301076,1909f56bfc062723c751e8b465ee728b)
Start importing Assets/2DGamekit/Prefabs/Environment/Acid.prefab using Guid(3aa03ae1689a947448e3ea2b622614f1) Importer(815301076,1909f56bfc062723c751e8b465ee728b)  -> (artifact id: '61cb3daedbc01234c5df086cf2556d73') in 0.071232 seconds 
  Import took 0.083467 seconds .

========================================================================
Received Import Request.
  Time since last request: 0.000468 seconds.
  path: Assets/2DGamekit/Prefabs/Interactables/Bridge.prefab
  artifactKey: Guid(a895c7cedf6851f4380f2a35df8d219a) Importer(815301076,1909f56bfc062723c751e8b465ee728b)
Start importing Assets/2DGamekit/Prefabs/Interactables/Bridge.prefab using Guid(a895c7cedf6851f4380f2a35df8d219a) Importer(815301076,1909f56bfc062723c751e8b465ee728b)  -> (artifact id: 'f1005b616e063584f8983f554d96f7ee') in 0.749494 seconds 
  Import took 0.753512 seconds .

========================================================================
Received Import Request.
  Time since last request: 0.000452 seconds.
  path: Assets/2DGamekit/Prefabs/UIPrefabs/KeyIcon.prefab
  artifactKey: Guid(87b9fdd795c49ed45b705002b45185f6) Importer(815301076,1909f56bfc062723c751e8b465ee728b)
Start importing Assets/2DGamekit/Prefabs/UIPrefabs/KeyIcon.prefab using Guid(87b9fdd795c49ed45b705002b45185f6) Importer(815301076,1909f56bfc062723c751e8b465ee728b)  -> (artifact id: '6c9dea5599291cf0bab6112a79d8bc4a') in 0.008994 seconds 
  Import took 0.012922 seconds .

========================================================================
Received Import Request.
  Time since last request: 0.000460 seconds.
  path: Assets/2DGamekit/Prefabs/VFX/Interactables/HealingEffect.prefab
  artifactKey: Guid(22d975de71983884ea3e0dcc57424749) Importer(815301076,1909f56bfc062723c751e8b465ee728b)
Start importing Assets/2DGamekit/Prefabs/VFX/Interactables/HealingEffect.prefab using Guid(22d975de71983884ea3e0dcc57424749) Importer(815301076,1909f56bfc062723c751e8b465ee728b)  -> (artifact id: 'a3e24035909c8782502a28203b38f51a') in 0.004679 seconds 
  Import took 0.008623 seconds .

========================================================================
Received Import Request.
  Time since last request: 0.000455 seconds.
  path: Assets/2DGamekit/Prefabs/VFX/Enemies/Gunner/GunnerShieldHit.prefab
  artifactKey: Guid(c5f99beb88686a342b1d3a911e99f8c1) Importer(815301076,1909f56bfc062723c751e8b465ee728b)
Start importing Assets/2DGamekit/Prefabs/VFX/Enemies/Gunner/GunnerShieldHit.prefab using Guid(c5f99beb88686a342b1d3a911e99f8c1) Importer(815301076,1909f56bfc062723c751e8b465ee728b)  -> (artifact id: 'c5904a984c33b8df791cda87112173a6') in 0.004867 seconds 
  Import took 0.009310 seconds .

========================================================================
Received Import Request.
  Time since last request: 0.000458 seconds.
  path: Assets/2DGamekit/Prefabs/VFX/Enemies/Chomper/ChomperDie.prefab
  artifactKey: Guid(61a6972b233f54246b0d0c15eabfb857) Importer(815301076,1909f56bfc062723c751e8b465ee728b)
Start importing Assets/2DGamekit/Prefabs/VFX/Enemies/Chomper/ChomperDie.prefab using Guid(61a6972b233f54246b0d0c15eabfb857) Importer(815301076,1909f56bfc062723c751e8b465ee728b)  -> (artifact id: '95bbfb93c1be168c17f2dafc2ccd41c9') in 0.004828 seconds 
  Import took 0.008854 seconds .

========================================================================
Received Import Request.
  Time since last request: 0.000435 seconds.
  path: Assets/2DGamekit/Prefabs/VFX/Ellen/EllenHurt.prefab
  artifactKey: Guid(64b0b5135e518aa4fbd439bfa5a1b3ab) Importer(815301076,1909f56bfc062723c751e8b465ee728b)
Start importing Assets/2DGamekit/Prefabs/VFX/Ellen/EllenHurt.prefab using Guid(64b0b5135e518aa4fbd439bfa5a1b3ab) Importer(815301076,1909f56bfc062723c751e8b465ee728b)  -> (artifact id: 'a0556d109d2a1c9b2e874e11a9cdbb1c') in 0.004897 seconds 
  Import took 0.008890 seconds .

========================================================================
Received Import Request.
  Time since last request: 0.000454 seconds.
  path: Assets/2DGamekit/Prefabs/VFX/Enemies/Gunner/GunnerGrenade.prefab
  artifactKey: Guid(2ac3d03c4b22fb24a9d186e58a291f57) Importer(815301076,1909f56bfc062723c751e8b465ee728b)
Start importing Assets/2DGamekit/Prefabs/VFX/Enemies/Gunner/GunnerGrenade.prefab using Guid(2ac3d03c4b22fb24a9d186e58a291f57) Importer(815301076,1909f56bfc062723c751e8b465ee728b)  -> (artifact id: '3774123f231c20e0efddd2f4406bd330') in 0.030503 seconds 
  Import took 0.035543 seconds .

========================================================================
Received Import Request.
  Time since last request: 0.000505 seconds.
  path: Assets/2DGamekit/Prefabs/VFX/Enemies/Gunner/GunnerProjectileFire.prefab
  artifactKey: Guid(62e2325fb41250c478144a6d6d028060) Importer(815301076,1909f56bfc062723c751e8b465ee728b)
Start importing Assets/2DGamekit/Prefabs/VFX/Enemies/Gunner/GunnerProjectileFire.prefab using Guid(62e2325fb41250c478144a6d6d028060) Importer(815301076,1909f56bfc062723c751e8b465ee728b)  -> (artifact id: '22b9544e0dbcb7dbf3a1199a6b045a0e') in 0.006423 seconds 
  Import took 0.010961 seconds .

========================================================================
Received Import Request.
  Time since last request: 0.000457 seconds.
  path: Assets/2DGamekit/Prefabs/VFX/Ellen/EllenHurt2.prefab
  artifactKey: Guid(85707e6160ceaa84697a396f632788f9) Importer(815301076,1909f56bfc062723c751e8b465ee728b)
Start importing Assets/2DGamekit/Prefabs/VFX/Ellen/EllenHurt2.prefab using Guid(85707e6160ceaa84697a396f632788f9) Importer(815301076,1909f56bfc062723c751e8b465ee728b)  -> (artifact id: '5df9a79336103f93374aeae73cd28786') in 0.285086 seconds 
  Import took 0.289943 seconds .

========================================================================
Received Import Request.
  Time since last request: 0.000484 seconds.
  path: Assets/2DGamekit/Prefabs/Interactables/Key.prefab
  artifactKey: Guid(93f15056a62b79346aafa55805de2b33) Importer(815301076,1909f56bfc062723c751e8b465ee728b)
Start importing Assets/2DGamekit/Prefabs/Interactables/Key.prefab using Guid(93f15056a62b79346aafa55805de2b33) Importer(815301076,1909f56bfc062723c751e8b465ee728b)  -> (artifact id: '91b4ac831440d9e63af3fe07e28da254') in 0.082949 seconds 
  Import took 0.087868 seconds .

========================================================================
Received Import Request.
  Time since last request: 0.000477 seconds.
  path: Assets/2DGamekit/Prefabs/Interactables/InfoPost.prefab
  artifactKey: Guid(6bc0b2bb61623f94aa335ee8a769a8f9) Importer(815301076,1909f56bfc062723c751e8b465ee728b)
Start importing Assets/2DGamekit/Prefabs/Interactables/InfoPost.prefab using Guid(6bc0b2bb61623f94aa335ee8a769a8f9) Importer(815301076,1909f56bfc062723c751e8b465ee728b)  -> (artifact id: '3178d21a55ba21cfdb13a887eade37ac') in 0.023382 seconds 
  Import took 0.028085 seconds .

========================================================================
Received Import Request.
  Time since last request: 0.000499 seconds.
  path: Assets/2DGamekit/Prefabs/VFX/Environment/BlueMotes.prefab
  artifactKey: Guid(4c916d2207d2300418a5957aa19521d4) Importer(815301076,1909f56bfc062723c751e8b465ee728b)
Start importing Assets/2DGamekit/Prefabs/VFX/Environment/BlueMotes.prefab using Guid(4c916d2207d2300418a5957aa19521d4) Importer(815301076,1909f56bfc062723c751e8b465ee728b)  -> (artifact id: '3e9538151dfb0ba295f1cd09cea7a316') in 0.005103 seconds 
  Import took 0.009528 seconds .

========================================================================
Received Import Request.
  Time since last request: 0.000549 seconds.
  path: Packages/com.unity.2d.spriteshape/Editor/ObjectMenuCreation/DefaultAssets/Sprite Shapes/Closed Sprite Shape.prefab
  artifactKey: Guid(c0583b4e855c74b8c82e7b9b5efb5ce9) Importer(815301076,1909f56bfc062723c751e8b465ee728b)
Start importing Packages/com.unity.2d.spriteshape/Editor/ObjectMenuCreation/DefaultAssets/Sprite Shapes/Closed Sprite Shape.prefab using Guid(c0583b4e855c74b8c82e7b9b5efb5ce9) Importer(815301076,1909f56bfc062723c751e8b465ee728b)  -> (artifact id: '2cce7a24742fd5e8a8ab2da20c69032f') in 0.145342 seconds 
  Import took 0.149779 seconds .

========================================================================
Received Import Request.
  Time since last request: 0.000456 seconds.
  path: Assets/2DGamekit/Prefabs/Ellen.prefab
  artifactKey: Guid(73360cdb4e1e7ed4897690f9d57fd0eb) Importer(815301076,1909f56bfc062723c751e8b465ee728b)
Start importing Assets/2DGamekit/Prefabs/Ellen.prefab using Guid(73360cdb4e1e7ed4897690f9d57fd0eb) Importer(815301076,1909f56bfc062723c751e8b465ee728b)  -> (artifact id: 'fbe7ceeacbe3e7d6d1c6e8578f22eb36') in 0.733928 seconds 
  Import took 0.739791 seconds .

========================================================================
Received Import Request.
  Time since last request: 0.000481 seconds.
  path: Assets/2DGamekit/Prefabs/VFX/Enemies/Gunner/GunnerHitDamage.prefab
  artifactKey: Guid(b3bb281a13618314da45e7c0d01d9f5f) Importer(815301076,1909f56bfc062723c751e8b465ee728b)
Start importing Assets/2DGamekit/Prefabs/VFX/Enemies/Gunner/GunnerHitDamage.prefab using Guid(b3bb281a13618314da45e7c0d01d9f5f) Importer(815301076,1909f56bfc062723c751e8b465ee728b)  -> (artifact id: '6a49d7ee34fbf31f48cd6a5fd00726fb') in 0.005407 seconds 
  Import took 0.009657 seconds .

========================================================================
Received Import Request.
  Time since last request: 0.000480 seconds.
  path: Assets/2DGamekit/Prefabs/Interactables/Door.prefab
  artifactKey: Guid(d3dff3eb072b76f4daa75549e62b7bda) Importer(815301076,1909f56bfc062723c751e8b465ee728b)
Start importing Assets/2DGamekit/Prefabs/Interactables/Door.prefab using Guid(d3dff3eb072b76f4daa75549e62b7bda) Importer(815301076,1909f56bfc062723c751e8b465ee728b)  -> (artifact id: '6e026e202d86b0c472915c4fd2d0f768') in 0.032656 seconds 
  Import took 0.037798 seconds .

========================================================================
Received Import Request.
  Time since last request: 0.000512 seconds.
  path: Assets/2DGamekit/Prefabs/VFX/Environment/Fireflies.prefab
  artifactKey: Guid(afb89849ba0bcd141814c33c753a935b) Importer(815301076,1909f56bfc062723c751e8b465ee728b)
Start importing Assets/2DGamekit/Prefabs/VFX/Environment/Fireflies.prefab using Guid(afb89849ba0bcd141814c33c753a935b) Importer(815301076,1909f56bfc062723c751e8b465ee728b)  -> (artifact id: 'ed99bac04279f04d5055267fd81355a0') in 0.005991 seconds 
  Import took 0.010653 seconds .

========================================================================
Received Import Request.
  Time since last request: 0.000496 seconds.
  path: Assets/2DGamekit/Prefabs/Interactables/MovingPlatform.prefab
  artifactKey: Guid(f9663778c0da693408f8cf4c13bc051a) Importer(815301076,1909f56bfc062723c751e8b465ee728b)
Start importing Assets/2DGamekit/Prefabs/Interactables/MovingPlatform.prefab using Guid(f9663778c0da693408f8cf4c13bc051a) Importer(815301076,1909f56bfc062723c751e8b465ee728b)  -> (artifact id: '3f6a692f8b698768eeba066500152c9a') in 0.124651 seconds 
  Import took 0.129431 seconds .

========================================================================
Received Import Request.
  Time since last request: 0.000477 seconds.
  path: Assets/2DGamekit/Prefabs/UIPrefabs/PanelCanvas.prefab
  artifactKey: Guid(2208ab824ba66ab4eaafed9162a13177) Importer(815301076,1909f56bfc062723c751e8b465ee728b)
Start importing Assets/2DGamekit/Prefabs/UIPrefabs/PanelCanvas.prefab using Guid(2208ab824ba66ab4eaafed9162a13177) Importer(815301076,1909f56bfc062723c751e8b465ee728b)  -> (artifact id: '7e020a4819ec7e3698c102c19c55db62') in 0.051109 seconds 
  Import took 0.055732 seconds .

========================================================================
Received Import Request.
  Time since last request: 0.000504 seconds.
  path: Assets/2DGamekit/Prefabs/VFX/Enemies/Gunner/GunnerLightning.prefab
  artifactKey: Guid(0fce9aca7785d364a90b48c98c3a51b6) Importer(815301076,1909f56bfc062723c751e8b465ee728b)
Start importing Assets/2DGamekit/Prefabs/VFX/Enemies/Gunner/GunnerLightning.prefab using Guid(0fce9aca7785d364a90b48c98c3a51b6) Importer(815301076,1909f56bfc062723c751e8b465ee728b)  -> (artifact id: 'e741f6f0d335e794d7192060fa2c5992') in 0.005928 seconds 
  Import took 0.010549 seconds .

========================================================================
Received Import Request.
  Time since last request: 0.000546 seconds.
  path: Assets/2DGamekit/Prefabs/Interactables/DestructableColumn.prefab
  artifactKey: Guid(c57359a20b483084f9310f1d0b46f64a) Importer(815301076,1909f56bfc062723c751e8b465ee728b)
Start importing Assets/2DGamekit/Prefabs/Interactables/DestructableColumn.prefab using Guid(c57359a20b483084f9310f1d0b46f64a) Importer(815301076,1909f56bfc062723c751e8b465ee728b)  -> (artifact id: '3366046ee6acb31de514fbc1d842a253') in 0.096806 seconds 
  Import took 0.101842 seconds .

========================================================================
Received Import Request.
  Time since last request: 0.000390 seconds.
  path: Assets/2DGamekit/Prefabs/VFX/Ellen/EllenDeath.prefab
  artifactKey: Guid(4e4d2ff5369121544b93398086397215) Importer(815301076,1909f56bfc062723c751e8b465ee728b)
Start importing Assets/2DGamekit/Prefabs/VFX/Ellen/EllenDeath.prefab using Guid(4e4d2ff5369121544b93398086397215) Importer(815301076,1909f56bfc062723c751e8b465ee728b)  -> (artifact id: '515a6493772cf8a190ef274a164e8bcb') in 0.005032 seconds 
  Import took 0.009032 seconds .

========================================================================
Received Import Request.
  Time since last request: 0.000387 seconds.
  path: Assets/2DGamekit/Prefabs/UIPrefabs/HealthIcon.prefab
  artifactKey: Guid(5e2d966f076c6144ba1b3f112e14ede1) Importer(815301076,1909f56bfc062723c751e8b465ee728b)
Start importing Assets/2DGamekit/Prefabs/UIPrefabs/HealthIcon.prefab using Guid(5e2d966f076c6144ba1b3f112e14ede1) Importer(815301076,1909f56bfc062723c751e8b465ee728b)  -> (artifact id: 'b0046a29cf6fb80ace0c72e1172fcce1') in 0.005398 seconds 
  Import took 0.010021 seconds .

========================================================================
Received Import Request.
  Time since last request: 0.000479 seconds.
  path: Assets/2DGamekit/Prefabs/VFX/Ellen/EllenDeath2.prefab
  artifactKey: Guid(9e338b4c54ba94d49abce741fc8a30d8) Importer(815301076,1909f56bfc062723c751e8b465ee728b)
Start importing Assets/2DGamekit/Prefabs/VFX/Ellen/EllenDeath2.prefab using Guid(9e338b4c54ba94d49abce741fc8a30d8) Importer(815301076,1909f56bfc062723c751e8b465ee728b)  -> (artifact id: '5645bd57442dc411e89925e0ed23f998') in 0.014735 seconds 
  Import took 0.019550 seconds .

========================================================================
Received Import Request.
  Time since last request: 0.000398 seconds.
  path: Assets/2DGamekit/Prefabs/Audio/BackgroundMusicPlayer.prefab
  artifactKey: Guid(9c48d4101c920ef47a787da13f097d90) Importer(815301076,1909f56bfc062723c751e8b465ee728b)
Start importing Assets/2DGamekit/Prefabs/Audio/BackgroundMusicPlayer.prefab using Guid(9c48d4101c920ef47a787da13f097d90) Importer(815301076,1909f56bfc062723c751e8b465ee728b)  -> (artifact id: '026bf5019cd6916b481e62f3361f89c3') in 0.006676 seconds 
  Import took 0.011415 seconds .

========================================================================
Received Import Request.
  Time since last request: 0.000410 seconds.
  path: Assets/2DGamekit/Prefabs/VFX/Enemies/Chomper/ChomperBiteEffect.prefab
  artifactKey: Guid(36e8cdbcd42e8104cb2a7e06368f23e9) Importer(815301076,1909f56bfc062723c751e8b465ee728b)
Start importing Assets/2DGamekit/Prefabs/VFX/Enemies/Chomper/ChomperBiteEffect.prefab using Guid(36e8cdbcd42e8104cb2a7e06368f23e9) Importer(815301076,1909f56bfc062723c751e8b465ee728b)  -> (artifact id: 'def70af8498d9e041ceddc88fbd35c98') in 0.073174 seconds 
  Import took 0.078115 seconds .

========================================================================
Received Import Request.
  Time since last request: 0.000505 seconds.
  path: Assets/2DGamekit/Prefabs/UIPrefabs/GameOverCanvas.prefab
  artifactKey: Guid(2cb597c059c0637489d7a3309e26cb52) Importer(815301076,1909f56bfc062723c751e8b465ee728b)
Start importing Assets/2DGamekit/Prefabs/UIPrefabs/GameOverCanvas.prefab using Guid(2cb597c059c0637489d7a3309e26cb52) Importer(815301076,1909f56bfc062723c751e8b465ee728b)  -> (artifact id: '3ac98af6dfa3a121fc959a6cbff88b69') in 0.006017 seconds 
  Import took 0.010488 seconds .

========================================================================
Received Import Request.
  Time since last request: 0.000360 seconds.
  path: Assets/2DGamekit/Prefabs/Interactables/PassThroughPlatform.prefab
  artifactKey: Guid(e89d55dfb0b7bab4dac674275ef32613) Importer(815301076,1909f56bfc062723c751e8b465ee728b)
Start importing Assets/2DGamekit/Prefabs/Interactables/PassThroughPlatform.prefab using Guid(e89d55dfb0b7bab4dac674275ef32613) Importer(815301076,1909f56bfc062723c751e8b465ee728b)  -> (artifact id: '4064a304c1ff9c898fdf258d9b532e1d') in 0.025819 seconds 
  Import took 0.030185 seconds .

========================================================================
Received Import Request.
  Time since last request: 0.000370 seconds.
  path: Assets/2DGamekit/Prefabs/VFX/Interactables/PickUpEffect.prefab
  artifactKey: Guid(5a4dedcc0d105f34da4eed8c2a3f3f67) Importer(815301076,1909f56bfc062723c751e8b465ee728b)
Start importing Assets/2DGamekit/Prefabs/VFX/Interactables/PickUpEffect.prefab using Guid(5a4dedcc0d105f34da4eed8c2a3f3f67) Importer(815301076,1909f56bfc062723c751e8b465ee728b)  -> (artifact id: '4119008a3f40079195fd563635bad47c') in 0.005133 seconds 
  Import took 0.009181 seconds .

========================================================================
Received Import Request.
  Time since last request: 0.000356 seconds.
  path: Assets/2DGamekit/Prefabs/Interactables/PressurePad.prefab
  artifactKey: Guid(daebb73bab52a3b4d8eab37c26a8a62f) Importer(815301076,1909f56bfc062723c751e8b465ee728b)
Start importing Assets/2DGamekit/Prefabs/Interactables/PressurePad.prefab using Guid(daebb73bab52a3b4d8eab37c26a8a62f) Importer(815301076,1909f56bfc062723c751e8b465ee728b)  -> (artifact id: '93e32482303dc8dc057b9ceee554bccd') in 0.012200 seconds 
  Import took 0.016271 seconds .

========================================================================
Received Import Request.
  Time since last request: 0.000369 seconds.
  path: Assets/2DGamekit/Prefabs/SceneControl/SceneController.prefab
  artifactKey: Guid(06c5c56d99c9e194db056e41d8b8f99b) Importer(815301076,1909f56bfc062723c751e8b465ee728b)
Start importing Assets/2DGamekit/Prefabs/SceneControl/SceneController.prefab using Guid(06c5c56d99c9e194db056e41d8b8f99b) Importer(815301076,1909f56bfc062723c751e8b465ee728b)  -> (artifact id: '442e883cbfaa47869fbd8bab7f6ae693') in 0.004799 seconds 
  Import took 0.009191 seconds .

========================================================================
Received Import Request.
  Time since last request: 0.000364 seconds.
  path: Assets/2DGamekit/Prefabs/Interactables/PushableBox.prefab
  artifactKey: Guid(afbffe7f4d780a848bb3211bd9c32278) Importer(815301076,1909f56bfc062723c751e8b465ee728b)
Start importing Assets/2DGamekit/Prefabs/Interactables/PushableBox.prefab using Guid(afbffe7f4d780a848bb3211bd9c32278) Importer(815301076,1909f56bfc062723c751e8b465ee728b)  -> (artifact id: 'fa1ac3cb503380bb1120e3f66dcc8ec3') in 0.016537 seconds 
  Import took 0.020761 seconds .

========================================================================
Received Import Request.
  Time since last request: 0.000407 seconds.
  path: Assets/2DGamekit/Prefabs/Utilities/PhysicsHelper.prefab
  artifactKey: Guid(5e97833b7c43abc418eeee08d291ea3f) Importer(815301076,1909f56bfc062723c751e8b465ee728b)
Start importing Assets/2DGamekit/Prefabs/Utilities/PhysicsHelper.prefab using Guid(5e97833b7c43abc418eeee08d291ea3f) Importer(815301076,1909f56bfc062723c751e8b465ee728b)  -> (artifact id: '0d12ec7f3a39095901c2c497fa8f98de') in 0.005139 seconds 
  Import took 0.009470 seconds .

========================================================================
Received Import Request.
  Time since last request: 0.000372 seconds.
  path: Assets/2DGamekit/Prefabs/VFX/Enemies/Spitter/SpitterSpit.prefab
  artifactKey: Guid(c41384fe176ad434a994a2a22ed8f392) Importer(815301076,1909f56bfc062723c751e8b465ee728b)
Start importing Assets/2DGamekit/Prefabs/VFX/Enemies/Spitter/SpitterSpit.prefab using Guid(c41384fe176ad434a994a2a22ed8f392) Importer(815301076,1909f56bfc062723c751e8b465ee728b)  -> (artifact id: 'd665d409af131a2c06c32d71d39753be') in 0.023499 seconds 
  Import took 0.028240 seconds .

========================================================================
Received Import Request.
  Time since last request: 0.000360 seconds.
  path: Assets/2DGamekit/Prefabs/Enemies/Spitter.prefab
  artifactKey: Guid(6fc2e0a5f8f54a7499632d26ee58a344) Importer(815301076,1909f56bfc062723c751e8b465ee728b)
Start importing Assets/2DGamekit/Prefabs/Enemies/Spitter.prefab using Guid(6fc2e0a5f8f54a7499632d26ee58a344) Importer(815301076,1909f56bfc062723c751e8b465ee728b)  -> (artifact id: 'ff06b0be4358a05381a80fbfef41ab6d') in 0.015970 seconds 
  Import took 0.020117 seconds .

========================================================================
Received Import Request.
  Time since last request: 0.000387 seconds.
  path: Assets/2DGamekit/Prefabs/Utilities/SpitterSpitPool.prefab
  artifactKey: Guid(668940f422f1b1c458f0b6b36ba7de9e) Importer(815301076,1909f56bfc062723c751e8b465ee728b)
Start importing Assets/2DGamekit/Prefabs/Utilities/SpitterSpitPool.prefab using Guid(668940f422f1b1c458f0b6b36ba7de9e) Importer(815301076,1909f56bfc062723c751e8b465ee728b)  -> (artifact id: '608282948ea7782b291b009f2a2cad20') in 0.006084 seconds 
  Import took 0.023273 seconds .

========================================================================
Received Import Request.
  Time since last request: 0.000359 seconds.
  path: Assets/2DGamekit/Prefabs/VFX/Ellen/StaffSwish.prefab
  artifactKey: Guid(c2ca09eb4f39b584997e1c60b92d6af9) Importer(815301076,1909f56bfc062723c751e8b465ee728b)
Start importing Assets/2DGamekit/Prefabs/VFX/Ellen/StaffSwish.prefab using Guid(c2ca09eb4f39b584997e1c60b92d6af9) Importer(815301076,1909f56bfc062723c751e8b465ee728b)  -> (artifact id: '063d44779d17f0b623e3a6402c1595e5') in 0.004645 seconds 
  Import took 0.008963 seconds .

========================================================================
Received Import Request.
  Time since last request: 0.000373 seconds.
  path: Assets/2DGamekit/Prefabs/Interactables/SingleUseSwitch.prefab
  artifactKey: Guid(7da6a32167f5e2948a425959d1ea2014) Importer(815301076,1909f56bfc062723c751e8b465ee728b)
Start importing Assets/2DGamekit/Prefabs/Interactables/SingleUseSwitch.prefab using Guid(7da6a32167f5e2948a425959d1ea2014) Importer(815301076,1909f56bfc062723c751e8b465ee728b)  -> (artifact id: '38fb9b8e6df2909d6ef9487b3d615e98') in 0.016015 seconds 
  Import took 0.020464 seconds .

========================================================================
Received Import Request.
  Time since last request: 0.000356 seconds.
  path: Assets/2DGamekit/Art/TileMapPalettes/Tileset/TilesetRockWaterBlockers.prefab
  artifactKey: Guid(3ae57766a9addd249a15631321e5e018) Importer(815301076,1909f56bfc062723c751e8b465ee728b)
Start importing Assets/2DGamekit/Art/TileMapPalettes/Tileset/TilesetRockWaterBlockers.prefab using Guid(3ae57766a9addd249a15631321e5e018) Importer(815301076,1909f56bfc062723c751e8b465ee728b)  -> (artifact id: 'e49c7ff2c1932eb90f2e3b20cb7d96a7') in 0.005019 seconds 
  Import took 0.008991 seconds .

========================================================================
Received Import Request.
  Time since last request: 0.000355 seconds.
  path: Assets/2DGamekit/Prefabs/VFX/Environment/Steam.prefab
  artifactKey: Guid(0f7bda6c318b58640bc5e5535cef046a) Importer(815301076,1909f56bfc062723c751e8b465ee728b)
Start importing Assets/2DGamekit/Prefabs/VFX/Environment/Steam.prefab using Guid(0f7bda6c318b58640bc5e5535cef046a) Importer(815301076,1909f56bfc062723c751e8b465ee728b)  -> (artifact id: 'e7741f3d50aad8c2c94ec7eaaf49f15c') in 0.004904 seconds 
  Import took 0.008985 seconds .

========================================================================
Received Import Request.
  Time since last request: 0.000341 seconds.
  path: Assets/2DGamekit/Prefabs/Interactables/ReusableSwitch.prefab
  artifactKey: Guid(40cc899f594768746b6d70b3f2530c2e) Importer(815301076,1909f56bfc062723c751e8b465ee728b)
Start importing Assets/2DGamekit/Prefabs/Interactables/ReusableSwitch.prefab using Guid(40cc899f594768746b6d70b3f2530c2e) Importer(815301076,1909f56bfc062723c751e8b465ee728b)  -> (artifact id: '92ef23c6edb8611bd83f56512e26e476') in 0.056466 seconds 
  Import took 0.060672 seconds .

========================================================================
Received Import Request.
  Time since last request: 0.000364 seconds.
  path: Assets/2DGamekit/Art/TileMapPalettes/Tileset/TilesetGamekit.prefab
  artifactKey: Guid(828ab588c2d0159468fbefcc1189616f) Importer(815301076,1909f56bfc062723c751e8b465ee728b)
Start importing Assets/2DGamekit/Art/TileMapPalettes/Tileset/TilesetGamekit.prefab using Guid(828ab588c2d0159468fbefcc1189616f) Importer(815301076,1909f56bfc062723c751e8b465ee728b)  -> (artifact id: '864b9c4f93479acb2b2bf78c4a06c6b4') in 0.004901 seconds 
  Import took 0.009007 seconds .

========================================================================
Received Import Request.
  Time since last request: 0.000424 seconds.
  path: Assets/2DGamekit/Prefabs/SceneControl/TransitionStart.prefab
  artifactKey: Guid(b38e9ca90e4033c4bb4554a41a283698) Importer(815301076,1909f56bfc062723c751e8b465ee728b)
Start importing Assets/2DGamekit/Prefabs/SceneControl/TransitionStart.prefab using Guid(b38e9ca90e4033c4bb4554a41a283698) Importer(815301076,1909f56bfc062723c751e8b465ee728b)  -> (artifact id: '92c0ffbfbe58d46ac78de8f17fa3aa51') in 0.011155 seconds 
  Import took 0.015734 seconds .

========================================================================
Received Import Request.
  Time since last request: 0.000427 seconds.
  path: Assets/2DGamekit/Prefabs/UIPrefabs/UIButton.prefab
  artifactKey: Guid(474f38b7b50d08b45b4c8cda7b98201b) Importer(815301076,1909f56bfc062723c751e8b465ee728b)
Start importing Assets/2DGamekit/Prefabs/UIPrefabs/UIButton.prefab using Guid(474f38b7b50d08b45b4c8cda7b98201b) Importer(815301076,1909f56bfc062723c751e8b465ee728b)  -> (artifact id: '527558417154c330f84efed6e4d5614c') in 0.061919 seconds 
  Import took 0.066105 seconds .

========================================================================
Received Import Request.
  Time since last request: 0.000413 seconds.
  path: Assets/2DGamekit/Prefabs/Interactables/PassThroughPlatformLong.prefab
  artifactKey: Guid(599bf135fc0648043bfa32dcd1e26d86) Importer(815301076,1909f56bfc062723c751e8b465ee728b)
Start importing Assets/2DGamekit/Prefabs/Interactables/PassThroughPlatformLong.prefab using Guid(599bf135fc0648043bfa32dcd1e26d86) Importer(815301076,1909f56bfc062723c751e8b465ee728b)  -> (artifact id: '1dfed94e2c042752a44994013271319b') in 0.011861 seconds 
  Import took 0.016092 seconds .

========================================================================
Received Import Request.
  Time since last request: 0.000514 seconds.
  path: Assets/2DGamekit/Prefabs/Utilities/Localizer.prefab
  artifactKey: Guid(c4265b110bb2c484e9f7130b2e605218) Importer(815301076,1909f56bfc062723c751e8b465ee728b)
Start importing Assets/2DGamekit/Prefabs/Utilities/Localizer.prefab using Guid(c4265b110bb2c484e9f7130b2e605218) Importer(815301076,1909f56bfc062723c751e8b465ee728b)  -> (artifact id: 'ef32260deaade731937ff50e3e1a6bf8') in 0.006490 seconds 
  Import took 0.011189 seconds .

========================================================================
Received Import Request.
  Time since last request: 0.000390 seconds.
  path: Assets/2DGamekit/Prefabs/Utilities/ObjectPositionResetter.prefab
  artifactKey: Guid(e6a7390a68a87cc44bf2d5eae1fc46d6) Importer(815301076,1909f56bfc062723c751e8b465ee728b)
Start importing Assets/2DGamekit/Prefabs/Utilities/ObjectPositionResetter.prefab using Guid(e6a7390a68a87cc44bf2d5eae1fc46d6) Importer(815301076,1909f56bfc062723c751e8b465ee728b)  -> (artifact id: 'f393a31680a55fdaa13129f61393e1f5') in 0.004797 seconds 
  Import took 0.009192 seconds .

========================================================================
Received Import Request.
  Time since last request: 0.000380 seconds.
  path: Assets/2DGamekit/Prefabs/VFX/Ellen/JumpPuff.prefab
  artifactKey: Guid(7ff0708625eb73d4080bdb1316d063f6) Importer(815301076,1909f56bfc062723c751e8b465ee728b)
Start importing Assets/2DGamekit/Prefabs/VFX/Ellen/JumpPuff.prefab using Guid(7ff0708625eb73d4080bdb1316d063f6) Importer(815301076,1909f56bfc062723c751e8b465ee728b)  -> (artifact id: '6b6a995f3a14560a32838b15532bc087') in 0.005126 seconds 
  Import took 0.009432 seconds .

========================================================================
Received Import Request.
  Time since last request: 0.000380 seconds.
  path: Packages/com.unity.2d.spriteshape/Editor/ObjectMenuCreation/DefaultAssets/Sprite Shapes/Open Sprite Shape.prefab
  artifactKey: Guid(86ae7de409eb54f619fb1328e4d42480) Importer(815301076,1909f56bfc062723c751e8b465ee728b)
Start importing Packages/com.unity.2d.spriteshape/Editor/ObjectMenuCreation/DefaultAssets/Sprite Shapes/Open Sprite Shape.prefab using Guid(86ae7de409eb54f619fb1328e4d42480) Importer(815301076,1909f56bfc062723c751e8b465ee728b)  -> (artifact id: 'bdee885e51b9ccf0fcef3a7dbe274ecc') in 0.006283 seconds 
  Import took 0.010925 seconds .

========================================================================
Received Import Request.
  Time since last request: 0.000402 seconds.
  path: Assets/2DGamekit/Prefabs/VFX/Ellen/JumpEffect.prefab
  artifactKey: Guid(7e73f509e566c5b4f84c4fe249de14d2) Importer(815301076,1909f56bfc062723c751e8b465ee728b)
Start importing Assets/2DGamekit/Prefabs/VFX/Ellen/JumpEffect.prefab using Guid(7e73f509e566c5b4f84c4fe249de14d2) Importer(815301076,1909f56bfc062723c751e8b465ee728b)  -> (artifact id: 'dd173f2b05e02456a77630d54ccaf254') in 0.005482 seconds 
  Import took 0.010127 seconds .

========================================================================
Received Import Request.
  Time since last request: 0.000380 seconds.
  path: Assets/2DGamekit/Prefabs/SceneControl/SpawnManagerWrapper.prefab
  artifactKey: Guid(c0349e06831df0a4a93d468c308dc3d1) Importer(815301076,1909f56bfc062723c751e8b465ee728b)
Start importing Assets/2DGamekit/Prefabs/SceneControl/SpawnManagerWrapper.prefab using Guid(c0349e06831df0a4a93d468c308dc3d1) Importer(815301076,1909f56bfc062723c751e8b465ee728b)  -> (artifact id: '1fc3f256f3a39a5bcdabc126b5e81747') in 0.004274 seconds 
  Import took 0.008334 seconds .

========================================================================
Received Import Request.
  Time since last request: 0.000368 seconds.
  path: Assets/2DGamekit/Prefabs/VFX/Enemies/Gunner/GunnerDamage.prefab
  artifactKey: Guid(d5a14f17f544e6c4db02c9bdfbb9b1b0) Importer(815301076,1909f56bfc062723c751e8b465ee728b)
Start importing Assets/2DGamekit/Prefabs/VFX/Enemies/Gunner/GunnerDamage.prefab using Guid(d5a14f17f544e6c4db02c9bdfbb9b1b0) Importer(815301076,1909f56bfc062723c751e8b465ee728b)  -> (artifact id: 'da573f5947c6779f37b9c40f9208e40e') in 0.007013 seconds 
  Import took 0.035868 seconds .

========================================================================
Received Import Request.
  Time since last request: 0.000462 seconds.
  path: Assets/2DGamekit/Prefabs/Interactables/MovingPlatformlong.prefab
  artifactKey: Guid(75c2b6a66ee2dfe4b9f818176a33f456) Importer(815301076,1909f56bfc062723c751e8b465ee728b)
Start importing Assets/2DGamekit/Prefabs/Interactables/MovingPlatformlong.prefab using Guid(75c2b6a66ee2dfe4b9f818176a33f456) Importer(815301076,1909f56bfc062723c751e8b465ee728b)  -> (artifact id: 'ed7d996732e548b073dfde4a08df2230') in 0.010586 seconds 
  Import took 0.015403 seconds .

========================================================================
Received Import Request.
  Time since last request: 0.000398 seconds.
  path: Assets/2DGamekit/Prefabs/SceneControl/ScreenFader.prefab
  artifactKey: Guid(12c2177bf06bbee44b65f5e185b2216f) Importer(815301076,1909f56bfc062723c751e8b465ee728b)
Start importing Assets/2DGamekit/Prefabs/SceneControl/ScreenFader.prefab using Guid(12c2177bf06bbee44b65f5e185b2216f) Importer(815301076,1909f56bfc062723c751e8b465ee728b)  -> (artifact id: 'f41ac8a1988dfbf778288558cd500b7d') in 0.015892 seconds 
  Import took 0.020960 seconds .

========================================================================
Received Import Request.
  Time since last request: 0.000382 seconds.
  path: Assets/2DGamekit/Prefabs/VFX/Ellen/RespawnEffect.prefab
  artifactKey: Guid(960671438a9b3af448a47e937861e099) Importer(815301076,1909f56bfc062723c751e8b465ee728b)
Start importing Assets/2DGamekit/Prefabs/VFX/Ellen/RespawnEffect.prefab using Guid(960671438a9b3af448a47e937861e099) Importer(815301076,1909f56bfc062723c751e8b465ee728b)  -> (artifact id: 'e225fb297283e40aad28b8a8ac278e27') in 0.004992 seconds 
  Import took 0.009378 seconds .

========================================================================
Received Import Request.
  Time since last request: 0.000395 seconds.
  path: Assets/2DGamekit/Prefabs/VFX/Enemies/Gunner/GunnerProjectileHit.prefab
  artifactKey: Guid(ebf7ed0a9a9a50e498db0703765a94a6) Importer(815301076,1909f56bfc062723c751e8b465ee728b)
Start importing Assets/2DGamekit/Prefabs/VFX/Enemies/Gunner/GunnerProjectileHit.prefab using Guid(ebf7ed0a9a9a50e498db0703765a94a6) Importer(815301076,1909f56bfc062723c751e8b465ee728b)  -> (artifact id: 'a6d33db8bcb7bda23da2933568d61f94') in 0.005005 seconds 
  Import took 0.009254 seconds .

========================================================================
Received Import Request.
  Time since last request: 0.000366 seconds.
  path: Assets/2DGamekit/Prefabs/VFX/Enemies/Gunner/GunnerUpBeamEffect.prefab
  artifactKey: Guid(9900d904a54f7f2478123cb690ab35a4) Importer(815301076,1909f56bfc062723c751e8b465ee728b)
Start importing Assets/2DGamekit/Prefabs/VFX/Enemies/Gunner/GunnerUpBeamEffect.prefab using Guid(9900d904a54f7f2478123cb690ab35a4) Importer(815301076,1909f56bfc062723c751e8b465ee728b)  -> (artifact id: '45402309ecfd88062bf6cd869f732083') in 0.006144 seconds 
  Import took 0.010900 seconds .

========================================================================
Received Import Request.
  Time since last request: 0.000461 seconds.
  path: Assets/2DGamekit/Prefabs/VFX/Enemies/Gunner/LightningFloor.prefab
  artifactKey: Guid(790785ce1430b304194fd6139de35800) Importer(815301076,1909f56bfc062723c751e8b465ee728b)
Start importing Assets/2DGamekit/Prefabs/VFX/Enemies/Gunner/LightningFloor.prefab using Guid(790785ce1430b304194fd6139de35800) Importer(815301076,1909f56bfc062723c751e8b465ee728b)  -> (artifact id: 'd1b941e77453f1db78892ece0c93ae64') in 0.018324 seconds 
  Import took 0.022958 seconds .

========================================================================
Received Import Request.
  Time since last request: 0.000367 seconds.
  path: Assets/2DGamekit/Prefabs/MainCamera.prefab
  artifactKey: Guid(bb0018ce3a8caa643b44f8487c34bd25) Importer(815301076,1909f56bfc062723c751e8b465ee728b)
Start importing Assets/2DGamekit/Prefabs/MainCamera.prefab using Guid(bb0018ce3a8caa643b44f8487c34bd25) Importer(815301076,1909f56bfc062723c751e8b465ee728b)  -> (artifact id: 'a0e1beaf13dd4d26c19d9f493f544825') in 0.015321 seconds 
  Import took 0.019199 seconds .

========================================================================
Received Import Request.
  Time since last request: 0.000385 seconds.
  path: Assets/2DGamekit/Prefabs/VFX/Environment/GrassPuff.prefab
  artifactKey: Guid(27ab20378afc6044fa7e280ace3536a7) Importer(815301076,1909f56bfc062723c751e8b465ee728b)
Start importing Assets/2DGamekit/Prefabs/VFX/Environment/GrassPuff.prefab using Guid(27ab20378afc6044fa7e280ace3536a7) Importer(815301076,1909f56bfc062723c751e8b465ee728b)  -> (artifact id: 'f83434c40cb21b6f31f25a8205693dc5') in 0.004944 seconds 
  Import took 0.009183 seconds .

========================================================================
Received Import Request.
  Time since last request: 0.000380 seconds.
  path: Assets/2DGamekit/Prefabs/UIPrefabs/KeyCanvas.prefab
  artifactKey: Guid(683597be51f41bb4cbba59294cae8b30) Importer(815301076,1909f56bfc062723c751e8b465ee728b)
Start importing Assets/2DGamekit/Prefabs/UIPrefabs/KeyCanvas.prefab using Guid(683597be51f41bb4cbba59294cae8b30) Importer(815301076,1909f56bfc062723c751e8b465ee728b)  -> (artifact id: 'd01b7102751cce36c0a742c586c12467') in 0.005588 seconds 
  Import took 0.009982 seconds .

========================================================================
Received Import Request.
  Time since last request: 0.000361 seconds.
  path: Assets/2DGamekit/Prefabs/Enemies/Chomper.prefab
  artifactKey: Guid(9a2f32836e0e10248b425c273622a735) Importer(815301076,1909f56bfc062723c751e8b465ee728b)
Start importing Assets/2DGamekit/Prefabs/Enemies/Chomper.prefab using Guid(9a2f32836e0e10248b425c273622a735) Importer(815301076,1909f56bfc062723c751e8b465ee728b)  -> (artifact id: 'a6dd4595dbf40a75a88b166f0ceadfee') in 0.016700 seconds 
  Import took 0.020925 seconds .

========================================================================
Received Import Request.
  Time since last request: 0.000397 seconds.
  path: Assets/2DGamekit/Prefabs/UIPrefabs/LoadingCanvas.prefab
  artifactKey: Guid(83d0619896c6b844c852388c2502727f) Importer(815301076,1909f56bfc062723c751e8b465ee728b)
Start importing Assets/2DGamekit/Prefabs/UIPrefabs/LoadingCanvas.prefab using Guid(83d0619896c6b844c852388c2502727f) Importer(815301076,1909f56bfc062723c751e8b465ee728b)  -> (artifact id: 'ac0d89a686ae1d3274a9cf5b8e3e5ca4') in 0.005292 seconds 
  Import took 0.010033 seconds .

========================================================================
Received Import Request.
  Time since last request: 0.000405 seconds.
  path: Assets/2DGamekit/Prefabs/Environment/Spikes.prefab
  artifactKey: Guid(4ff9f7a332b4ae44bb62aaee6eacc033) Importer(815301076,1909f56bfc062723c751e8b465ee728b)
Start importing Assets/2DGamekit/Prefabs/Environment/Spikes.prefab using Guid(4ff9f7a332b4ae44bb62aaee6eacc033) Importer(815301076,1909f56bfc062723c751e8b465ee728b)  -> (artifact id: '6240deab8232ade6948c492fc9367787') in 0.013473 seconds 
  Import took 0.018152 seconds .

========================================================================
Received Import Request.
  Time since last request: 0.000438 seconds.
  path: Assets/2DGamekit/Prefabs/VFX/Interactables/PlatformCircleEffect.prefab
  artifactKey: Guid(a8ee876fba0908d44b68aaaecca8a4e1) Importer(815301076,1909f56bfc062723c751e8b465ee728b)
Start importing Assets/2DGamekit/Prefabs/VFX/Interactables/PlatformCircleEffect.prefab using Guid(a8ee876fba0908d44b68aaaecca8a4e1) Importer(815301076,1909f56bfc062723c751e8b465ee728b)  -> (artifact id: '394e1a4890d4ee8f2aaf5a54ac357662') in 0.005783 seconds 
  Import took 0.010690 seconds .

========================================================================
Received Import Request.
  Time since last request: 0.000382 seconds.
  path: Assets/2DGamekit/Prefabs/UIPrefabs/OptionsCanvas.prefab
  artifactKey: Guid(28fdaedf686cb394ba208418f1942254) Importer(815301076,1909f56bfc062723c751e8b465ee728b)
Start importing Assets/2DGamekit/Prefabs/UIPrefabs/OptionsCanvas.prefab using Guid(28fdaedf686cb394ba208418f1942254) Importer(815301076,1909f56bfc062723c751e8b465ee728b)  -> (artifact id: '897f77372ed7673ffabb738c7fde5ca1') in 0.176487 seconds 
  Import took 0.181581 seconds .

========================================================================
Received Import Request.
  Time since last request: 0.000367 seconds.
  path: Assets/2DGamekit/Prefabs/UIPrefabs/UICanvas.prefab
  artifactKey: Guid(eb72f36523dcf684f9ca37da45adfa76) Importer(815301076,1909f56bfc062723c751e8b465ee728b)
Start importing Assets/2DGamekit/Prefabs/UIPrefabs/UICanvas.prefab using Guid(eb72f36523dcf684f9ca37da45adfa76) Importer(815301076,1909f56bfc062723c751e8b465ee728b)  -> (artifact id: '27bb91372737756f87ce5e6fedb0035c') in 0.076678 seconds 
  Import took 0.080723 seconds .

========================================================================
Received Import Request.
  Time since last request: 0.000376 seconds.
  path: Assets/2DGamekit/Prefabs/Jetpack_Pickup.prefab
  artifactKey: Guid(f2689d5d252a0424cae7e28cd1f5d055) Importer(815301076,1909f56bfc062723c751e8b465ee728b)
Start importing Assets/2DGamekit/Prefabs/Jetpack_Pickup.prefab using Guid(f2689d5d252a0424cae7e28cd1f5d055) Importer(815301076,1909f56bfc062723c751e8b465ee728b)  -> (artifact id: '1cc9c7ad8bdfeda9674bf54a10d8992b') in 0.013880 seconds 
  Import took 0.018800 seconds .

========================================================================
Received Import Request.
  Time since last request: 0.000510 seconds.
  path: Assets/2DGamekit/Prefabs/JetStream.prefab
  artifactKey: Guid(16fb9e57f06cc4a43a2172b3500831ee) Importer(815301076,1909f56bfc062723c751e8b465ee728b)
Start importing Assets/2DGamekit/Prefabs/JetStream.prefab using Guid(16fb9e57f06cc4a43a2172b3500831ee) Importer(815301076,1909f56bfc062723c751e8b465ee728b)  -> (artifact id: 'c34b74ed5a47e49dd9f79d4ac1de2263') in 0.005548 seconds 
  Import took 0.010091 seconds .

========================================================================
Received Import Request.
  Time since last request: 0.000379 seconds.
  path: Assets/2DGamekit/Prefabs/VFX/Ellen/StaffSwishAirborne.prefab
  artifactKey: Guid(0576e4604c516d2419ee67c0cadec118) Importer(815301076,1909f56bfc062723c751e8b465ee728b)
Start importing Assets/2DGamekit/Prefabs/VFX/Ellen/StaffSwishAirborne.prefab using Guid(0576e4604c516d2419ee67c0cadec118) Importer(815301076,1909f56bfc062723c751e8b465ee728b)  -> (artifact id: '7f2c38f75d183a36d5b4c874eb24e186') in 0.005380 seconds 
  Import took 0.010418 seconds .

========================================================================
Received Import Request.
  Time since last request: 0.000366 seconds.
  path: Assets/2DGamekit/Prefabs/Enemies/EnemySpawner.prefab
  artifactKey: Guid(5ae094758896c0b45b352d4b01916822) Importer(815301076,1909f56bfc062723c751e8b465ee728b)
Start importing Assets/2DGamekit/Prefabs/Enemies/EnemySpawner.prefab using Guid(5ae094758896c0b45b352d4b01916822) Importer(815301076,1909f56bfc062723c751e8b465ee728b)  -> (artifact id: 'a366c55d10bd3353c01d0bf4b10416ce') in 0.007930 seconds 
  Import took 0.012056 seconds .

========================================================================
Received Import Request.
  Time since last request: 0.000349 seconds.
  path: Assets/2DGamekit/Prefabs/UIPrefabs/HealthCanvas.prefab
  artifactKey: Guid(2d2745d2a8668e644a921a4848c9bc90) Importer(815301076,1909f56bfc062723c751e8b465ee728b)
Start importing Assets/2DGamekit/Prefabs/UIPrefabs/HealthCanvas.prefab using Guid(2d2745d2a8668e644a921a4848c9bc90) Importer(815301076,1909f56bfc062723c751e8b465ee728b)  -> (artifact id: '6169cd1b4c4d95438988aa7b7b6d28d3') in 0.005675 seconds 
  Import took 0.010186 seconds .

========================================================================
Received Import Request.
  Time since last request: 0.000383 seconds.
  path: Assets/2DGamekit/Prefabs/VFX/Enemies/Spitter/SpitProjectille.prefab
  artifactKey: Guid(7a9b8f4adaceb7d469f3f02edc8472d5) Importer(815301076,1909f56bfc062723c751e8b465ee728b)
Start importing Assets/2DGamekit/Prefabs/VFX/Enemies/Spitter/SpitProjectille.prefab using Guid(7a9b8f4adaceb7d469f3f02edc8472d5) Importer(815301076,1909f56bfc062723c751e8b465ee728b)  -> (artifact id: '68b3b4c5a8f3e1b9eff08066361de49d') in 0.025420 seconds 
  Import took 0.030337 seconds .

========================================================================
Received Import Request.
  Time since last request: 0.000400 seconds.
  path: Assets/2DGamekit/Prefabs/VFX/Environment/DustPuff.prefab
  artifactKey: Guid(ca91f9a8283f57042830bdc02fa84302) Importer(815301076,1909f56bfc062723c751e8b465ee728b)
Start importing Assets/2DGamekit/Prefabs/VFX/Environment/DustPuff.prefab using Guid(ca91f9a8283f57042830bdc02fa84302) Importer(815301076,1909f56bfc062723c751e8b465ee728b)  -> (artifact id: '9532baec2c097e1f6e6b40268cccdf34') in 0.005611 seconds 
  Import took 0.010178 seconds .

========================================================================
Received Import Request.
  Time since last request: 0.000362 seconds.
  path: Assets/2DGamekit/Prefabs/Interactables/DestructableWall.prefab
  artifactKey: Guid(34e51d4f11580144b99436db7c78b5dd) Importer(815301076,1909f56bfc062723c751e8b465ee728b)
Start importing Assets/2DGamekit/Prefabs/Interactables/DestructableWall.prefab using Guid(34e51d4f11580144b99436db7c78b5dd) Importer(815301076,1909f56bfc062723c751e8b465ee728b)  -> (artifact id: '88b5ffc18c4637eb5bd01821e753702c') in 0.057456 seconds 
  Import took 0.062074 seconds .

========================================================================
Received Import Request.
  Time since last request: 0.000356 seconds.
  path: Assets/2DGamekit/Prefabs/VFX/Ellen/GunMuzzleFlash.prefab
  artifactKey: Guid(2b7a2e498fd198541a255cf07be4e057) Importer(815301076,1909f56bfc062723c751e8b465ee728b)
Start importing Assets/2DGamekit/Prefabs/VFX/Ellen/GunMuzzleFlash.prefab using Guid(2b7a2e498fd198541a255cf07be4e057) Importer(815301076,1909f56bfc062723c751e8b465ee728b)  -> (artifact id: '27bcd72a47d5759d836f00ce717dce5b') in 0.004896 seconds 
  Import took 0.009207 seconds .

========================================================================
Received Import Request.
  Time since last request: 0.000380 seconds.
  path: Assets/2DGamekit/Prefabs/Interactables/Teleporter.prefab
  artifactKey: Guid(ea040a76895f65745899f41e3dff6aeb) Importer(815301076,1909f56bfc062723c751e8b465ee728b)
Start importing Assets/2DGamekit/Prefabs/Interactables/Teleporter.prefab using Guid(ea040a76895f65745899f41e3dff6aeb) Importer(815301076,1909f56bfc062723c751e8b465ee728b)  -> (artifact id: 'daacce871bd56dce15d59da4b2ba90fe') in 0.014690 seconds 
  Import took 0.019388 seconds .

========================================================================
Received Import Request.
  Time since last request: 0.000376 seconds.
  path: Assets/2DGamekit/Prefabs/SceneControl/TransitionDestination.prefab
  artifactKey: Guid(f949db0cfd21cb34796d46f92ac4fb1a) Importer(815301076,1909f56bfc062723c751e8b465ee728b)
Start importing Assets/2DGamekit/Prefabs/SceneControl/TransitionDestination.prefab using Guid(f949db0cfd21cb34796d46f92ac4fb1a) Importer(815301076,1909f56bfc062723c751e8b465ee728b)  -> (artifact id: '1d199f468fb4801e3e55abed47135a92') in 0.006985 seconds 
  Import took 0.011590 seconds .

========================================================================
Received Import Request.
  Time since last request: 0.000383 seconds.
  path: Assets/2DGamekit/Prefabs/Interactables/HealthPickup.prefab
  artifactKey: Guid(6ce14eb040a43734b9fb27d9a62d91ee) Importer(815301076,1909f56bfc062723c751e8b465ee728b)
Start importing Assets/2DGamekit/Prefabs/Interactables/HealthPickup.prefab using Guid(6ce14eb040a43734b9fb27d9a62d91ee) Importer(815301076,1909f56bfc062723c751e8b465ee728b)  -> (artifact id: '2aafe893de8ec88b4d3089ac14fe734e') in 0.019762 seconds 
  Import took 0.025125 seconds .

========================================================================
Received Import Request.
  Time since last request: 0.000412 seconds.
  path: Assets/2DGamekit/Prefabs/VFX/Environment/Puff.prefab
  artifactKey: Guid(fcad5e11c16c37d4597d0bd76bcaf252) Importer(815301076,1909f56bfc062723c751e8b465ee728b)
Start importing Assets/2DGamekit/Prefabs/VFX/Environment/Puff.prefab using Guid(fcad5e11c16c37d4597d0bd76bcaf252) Importer(815301076,1909f56bfc062723c751e8b465ee728b)  -> (artifact id: '744184619b9dd330feff4a8f4060e9b7') in 0.005404 seconds 
  Import took 0.010301 seconds .

========================================================================
Received Import Request.
  Time since last request: 0.000384 seconds.
  path: Assets/2DGamekit/Prefabs/VFX/Enemies/Gunner/GunnerProjectile.prefab
  artifactKey: Guid(7cca00a010a54534493450e42c76b7bb) Importer(815301076,1909f56bfc062723c751e8b465ee728b)
Start importing Assets/2DGamekit/Prefabs/VFX/Enemies/Gunner/GunnerProjectile.prefab using Guid(7cca00a010a54534493450e42c76b7bb) Importer(815301076,1909f56bfc062723c751e8b465ee728b)  -> (artifact id: '8c3af8f1d3961c68d29b9d93b1e6b5e1') in 0.013024 seconds 
  Import took 0.017753 seconds .

========================================================================
Received Import Request.
  Time since last request: 0.000376 seconds.
  path: Assets/2DGamekit/Prefabs/SceneControl/Checkpoint.prefab
  artifactKey: Guid(448ee8ad87a7f9f43b099285036e8bfc) Importer(815301076,1909f56bfc062723c751e8b465ee728b)
Start importing Assets/2DGamekit/Prefabs/SceneControl/Checkpoint.prefab using Guid(448ee8ad87a7f9f43b099285036e8bfc) Importer(815301076,1909f56bfc062723c751e8b465ee728b)  -> (artifact id: 'c2da56f290346725768d3150a384f9b9') in 0.005221 seconds 
  Import took 0.009840 seconds .

========================================================================
Received Import Request.
  Time since last request: 0.000444 seconds.
  path: Assets/2DGamekit/Prefabs/UIPrefabs/DialogueCanvas.prefab
  artifactKey: Guid(114c5f41fd4099445a42c1d9bd01f222) Importer(815301076,1909f56bfc062723c751e8b465ee728b)
Start importing Assets/2DGamekit/Prefabs/UIPrefabs/DialogueCanvas.prefab using Guid(114c5f41fd4099445a42c1d9bd01f222) Importer(815301076,1909f56bfc062723c751e8b465ee728b)  -> (artifact id: '00133b77412e54cf3a71290bb2b101a2') in 0.020497 seconds 
  Import took 0.025133 seconds .

========================================================================
Received Import Request.
  Time since last request: 0.000388 seconds.
  path: Assets/2DGamekit/Prefabs/VFX/Ellen/BulletImpact.prefab
  artifactKey: Guid(8b019aae9fde32e41aa6181013f53be2) Importer(815301076,1909f56bfc062723c751e8b465ee728b)
Start importing Assets/2DGamekit/Prefabs/VFX/Ellen/BulletImpact.prefab using Guid(8b019aae9fde32e41aa6181013f53be2) Importer(815301076,1909f56bfc062723c751e8b465ee728b)  -> (artifact id: '92f2215dd53685a06834fa833954a24f') in 0.005797 seconds 
  Import took 0.010341 seconds .

========================================================================
Received Import Request.
  Time since last request: 0.000398 seconds.
  path: Assets/2DGamekit/Prefabs/VFX/Interactables/HealingGlobe.prefab
  artifactKey: Guid(a143bc5e08fd214439e68f9541e16066) Importer(815301076,1909f56bfc062723c751e8b465ee728b)
Start importing Assets/2DGamekit/Prefabs/VFX/Interactables/HealingGlobe.prefab using Guid(a143bc5e08fd214439e68f9541e16066) Importer(815301076,1909f56bfc062723c751e8b465ee728b)  -> (artifact id: 'ed5556c3f41076ba8517d0de1740f44d') in 0.074608 seconds 
  Import took 0.079460 seconds .

========================================================================
Received Import Request.
  Time since last request: 0.000363 seconds.
  path: Assets/2DGamekit/Prefabs/VFX/Enemies/Gunner/GunnerShield.prefab
  artifactKey: Guid(4ba44c764bf20fc4c88a7a42dca61256) Importer(815301076,1909f56bfc062723c751e8b465ee728b)
Start importing Assets/2DGamekit/Prefabs/VFX/Enemies/Gunner/GunnerShield.prefab using Guid(4ba44c764bf20fc4c88a7a42dca61256) Importer(815301076,1909f56bfc062723c751e8b465ee728b)  -> (artifact id: '365629a3abe4734cdb8ea43a881b47c4') in 0.013460 seconds 
  Import took 0.017612 seconds .

========================================================================
Received Import Request.
  Time since last request: 0.000389 seconds.
  path: Assets/2DGamekit/Prefabs/Utilities/SplashSoundPlayer.prefab
  artifactKey: Guid(a7584c3225fcd2a4191583462325ef39) Importer(815301076,1909f56bfc062723c751e8b465ee728b)
Start importing Assets/2DGamekit/Prefabs/Utilities/SplashSoundPlayer.prefab using Guid(a7584c3225fcd2a4191583462325ef39) Importer(815301076,1909f56bfc062723c751e8b465ee728b)  -> (artifact id: '2930a31f4708a670541a227c1bb269ad') in 0.005597 seconds 
  Import took 0.011012 seconds .

========================================================================
Received Import Request.
  Time since last request: 0.000378 seconds.
  path: Assets/2DGamekit/Prefabs/VFX/Enemies/Gunner/GunnerBeamEffect.prefab
  artifactKey: Guid(296b19e4ad513154e9aa7cff2f759a1e) Importer(815301076,1909f56bfc062723c751e8b465ee728b)
Start importing Assets/2DGamekit/Prefabs/VFX/Enemies/Gunner/GunnerBeamEffect.prefab using Guid(296b19e4ad513154e9aa7cff2f759a1e) Importer(815301076,1909f56bfc062723c751e8b465ee728b)  -> (artifact id: 'b8c87f8f56dcec9bc8c0843fca3811d2') in 0.014175 seconds 
  Import took 0.018792 seconds .

========================================================================
Received Import Request.
  Time since last request: 0.000390 seconds.
  path: Assets/2DGamekit/Prefabs/VFX/Environment/LightShafts.prefab
  artifactKey: Guid(3a492dd3fad5930408af4662b7da6f80) Importer(815301076,1909f56bfc062723c751e8b465ee728b)
Start importing Assets/2DGamekit/Prefabs/VFX/Environment/LightShafts.prefab using Guid(3a492dd3fad5930408af4662b7da6f80) Importer(815301076,1909f56bfc062723c751e8b465ee728b)  -> (artifact id: '318216beac8415d67b9937291a0d4d7c') in 0.005892 seconds 
  Import took 0.010206 seconds .

========================================================================
Received Import Request.
  Time since last request: 0.000383 seconds.
  path: Assets/2DGamekit/Prefabs/VFX/Ellen/Bullet.prefab
  artifactKey: Guid(4593cdd83a432764aac5e418b812b3e0) Importer(815301076,1909f56bfc062723c751e8b465ee728b)
Start importing Assets/2DGamekit/Prefabs/VFX/Ellen/Bullet.prefab using Guid(4593cdd83a432764aac5e418b812b3e0) Importer(815301076,1909f56bfc062723c751e8b465ee728b)  -> (artifact id: '93f9a63bdfc37fa7e4c6286be719f2eb') in 0.055512 seconds 
  Import took 0.060387 seconds .

========================================================================
Received Import Request.
  Time since last request: 46.448020 seconds.
  path: Assets/2DGamekit/Scenes/Zone2.unity
  artifactKey: Guid(5436c67e9267f17458b31fcdc20cd20a) Importer(815301076,1909f56bfc062723c751e8b465ee728b)
Start importing Assets/2DGamekit/Scenes/Zone2.unity using Guid(5436c67e9267f17458b31fcdc20cd20a) Importer(815301076,1909f56bfc062723c751e8b465ee728b)  -> (artifact id: '8f506e6788458ff0e511b6c1046178a8') in 0.003922 seconds 
  Import took 0.008827 seconds .

========================================================================
Received Prepare
Registering precompiled user dll's ...
Registered in 0.003429 seconds.
Begin MonoManager ReloadAssembly
Native extension for WindowsStandalone target not found
Refreshing native plugins compatible for Editor in 0.69 ms, found 3 plugins.
Preloading 0 native plugins for Editor in 0.00 ms.
Mono: successfully reloaded assembly
- Completed reload, in  0.958 seconds
Platform modules already initialized, skipping
Refreshing native plugins compatible for Editor in 0.77 ms, found 3 plugins.
Preloading 0 native plugins for Editor in 0.00 ms.
Unloading 2499 Unused Serialized files (Serialized files now loaded: 0)
System memory in use before: 117.8 MB.
System memory in use after: 118.0 MB.

Unloading 22 unused Assets to reduce memory usage. Loaded Objects now: 3036.
Total: 2.567900 ms (FindLiveObjects: 0.280400 ms CreateObjectMapping: 0.191200 ms MarkObjects: 2.040500 ms  DeleteObjects: 0.055000 ms)

AssetImportParameters requested are different than current active one (requested -> active):
  custom:framework-win-MediaFoundation: 216162199b28c13a410421893ffa2e32 -> 
  custom:video-decoder-ogg-theora: a1e56fd34408186e4bbccfd4996cb3dc -> 
  custom:container-muxer-webm: aa71ff27fc2769a1b78a27578f13a17b -> 
  custom:container-demuxer-webm: 4f35f7cbe854078d1ac9338744f61a02 -> 
  custom:container-demuxer-ogg: 62fdf1f143b41e24485cea50d1cbac27 -> 
  custom:video-encoder-webm-vp8: eb34c28f22e8b96e1ab97ce403110664 -> 
  custom:video-decoder-webm-vp8: 9c59270c3fd7afecdb556c50c9e8de78 -> 
  custom:audio-decoder-ogg-vorbis: bf7c407c2cedff20999df2af8eb42d56 -> 
  custom:audio-encoder-webm-vorbis: bf7c407c2cedff20999df2af8eb42d56 -> 
========================================================================
Received Import Request.
  Time since last request: 264.697825 seconds.
  path: Assets/2DGamekit/Audio/Interactables/DestructableWall01.ogg
  artifactKey: Guid(1300167911a825e4f8920368b94bb0d1) Importer(815301076,1909f56bfc062723c751e8b465ee728b)
Start importing Assets/2DGamekit/Audio/Interactables/DestructableWall01.ogg using Guid(1300167911a825e4f8920368b94bb0d1) Importer(815301076,1909f56bfc062723c751e8b465ee728b)  -> (artifact id: 'a5230aaf675a6f1c89a8769e0195fbff') in 0.625032 seconds 
  Import took 0.630527 seconds .

========================================================================
Received Import Request.
  Time since last request: 0.000372 seconds.
  path: Assets/2DGamekit/Audio/Interactables/DestructableWall02.ogg
  artifactKey: Guid(3698c001a4b99aa43aa3750a1c33b979) Importer(815301076,1909f56bfc062723c751e8b465ee728b)
Start importing Assets/2DGamekit/Audio/Interactables/DestructableWall02.ogg using Guid(3698c001a4b99aa43aa3750a1c33b979) Importer(815301076,1909f56bfc062723c751e8b465ee728b)  -> (artifact id: '54f6d02e31fd37f66b77b649596ee1bf') in 0.037282 seconds 
  Import took 0.074513 seconds .

========================================================================
Received Import Request.
  Time since last request: 0.000374 seconds.
  path: Assets/2DGamekit/Art/Sprites/Interactables/DestructibleWall.png
  artifactKey: Guid(51d594e192d316448a2c8ebecb28eebc) Importer(815301076,1909f56bfc062723c751e8b465ee728b)
Start importing Assets/2DGamekit/Art/Sprites/Interactables/DestructibleWall.png using Guid(51d594e192d316448a2c8ebecb28eebc) Importer(815301076,1909f56bfc062723c751e8b465ee728b)  -> (artifact id: '5a579c60dc7a397ea0dbc41c4612d947') in 0.166702 seconds 
  Import took 0.171153 seconds .

========================================================================
Received Import Request.
  Time since last request: 0.000365 seconds.
  path: Assets/2DGamekit/Art/Sprites/Interactables/DestructibleColumn.png
  artifactKey: Guid(cbf958bb9960a5d4cb587a17cedbfeac) Importer(815301076,1909f56bfc062723c751e8b465ee728b)
Start importing Assets/2DGamekit/Art/Sprites/Interactables/DestructibleColumn.png using Guid(cbf958bb9960a5d4cb587a17cedbfeac) Importer(815301076,1909f56bfc062723c751e8b465ee728b)  -> (artifact id: '60dcd663fb2942169fb34150379e701f') in 0.051167 seconds 
  Import took 0.055206 seconds .

========================================================================
Received Import Request.
  Time since last request: 0.000368 seconds.
  path: Assets/2DGamekit/Art/Sprites/Interactables/DestructibleBox.bmp
  artifactKey: Guid(5c3d28e6e36cb244b874459c91ccef79) Importer(815301076,1909f56bfc062723c751e8b465ee728b)
Start importing Assets/2DGamekit/Art/Sprites/Interactables/DestructibleBox.bmp using Guid(5c3d28e6e36cb244b874459c91ccef79) Importer(815301076,1909f56bfc062723c751e8b465ee728b)  -> (artifact id: '41a88542a93482703edb960f882cb147') in 0.014297 seconds 
  Import took 0.018629 seconds .

========================================================================
Received Prepare
Registering precompiled user dll's ...
Registered in 0.003215 seconds.
Begin MonoManager ReloadAssembly
Native extension for WindowsStandalone target not found
Refreshing native plugins compatible for Editor in 0.71 ms, found 3 plugins.
Preloading 0 native plugins for Editor in 0.00 ms.
Mono: successfully reloaded assembly
- Completed reload, in  1.398 seconds
Platform modules already initialized, skipping
Refreshing native plugins compatible for Editor in 0.69 ms, found 3 plugins.
Preloading 0 native plugins for Editor in 0.00 ms.
Unloading 2499 Unused Serialized files (Serialized files now loaded: 0)
System memory in use before: 117.8 MB.
System memory in use after: 118.1 MB.

Unloading 17 unused Assets to reduce memory usage. Loaded Objects now: 3072.
Total: 2.079300 ms (FindLiveObjects: 0.218300 ms CreateObjectMapping: 0.095800 ms MarkObjects: 1.750200 ms  DeleteObjects: 0.014200 ms)

AssetImportParameters requested are different than current active one (requested -> active):
  custom:framework-win-MediaFoundation: 216162199b28c13a410421893ffa2e32 -> 
  custom:video-decoder-ogg-theora: a1e56fd34408186e4bbccfd4996cb3dc -> 
  custom:container-muxer-webm: aa71ff27fc2769a1b78a27578f13a17b -> 
  custom:container-demuxer-webm: 4f35f7cbe854078d1ac9338744f61a02 -> 
  custom:container-demuxer-ogg: 62fdf1f143b41e24485cea50d1cbac27 -> 
  custom:video-encoder-webm-vp8: eb34c28f22e8b96e1ab97ce403110664 -> 
  custom:video-decoder-webm-vp8: 9c59270c3fd7afecdb556c50c9e8de78 -> 
  custom:audio-decoder-ogg-vorbis: bf7c407c2cedff20999df2af8eb42d56 -> 
  custom:audio-encoder-webm-vorbis: bf7c407c2cedff20999df2af8eb42d56 -> 
========================================================================
Received Import Request.
  Time since last request: 373.708941 seconds.
  path: Assets/2DGamekit/Art/Materials/Environment/LitTileBasic.mat
  artifactKey: Guid(850935974f6a0ae4c8770cbbb77f74d0) Importer(815301076,1909f56bfc062723c751e8b465ee728b)
Start importing Assets/2DGamekit/Art/Materials/Environment/LitTileBasic.mat using Guid(850935974f6a0ae4c8770cbbb77f74d0) Importer(815301076,1909f56bfc062723c751e8b465ee728b)  -> (artifact id: '3be42be3ed9fddaf40194a4673ea9a70') in 0.062576 seconds 
  Import took 0.067256 seconds .

========================================================================
Received Import Request.
  Time since last request: 3806.079434 seconds.
  path: Assets/2DGamekit/Scripts/GB-Gamejam_Team1_OlesovMaxim
  artifactKey: Guid(d8be68f0f2a921a449ff61443494c2e0) Importer(815301076,1909f56bfc062723c751e8b465ee728b)
Start importing Assets/2DGamekit/Scripts/GB-Gamejam_Team1_OlesovMaxim using Guid(d8be68f0f2a921a449ff61443494c2e0) Importer(815301076,1909f56bfc062723c751e8b465ee728b)  -> (artifact id: 'c13f88dc36b634ff4bcb100a96e82b27') in 0.003098 seconds 
  Import took 0.008851 seconds .

========================================================================
Received Import Request.
  Time since last request: 3.248480 seconds.
  path: Assets/2DGamekit/Scripts/GB-Gamejam_Team1_OlesovMaxim/ModifiedPlayerCharacter.cs
  artifactKey: Guid(d9a7c7030b9463c488fc4a1d3beb27bd) Importer(815301076,1909f56bfc062723c751e8b465ee728b)
Start importing Assets/2DGamekit/Scripts/GB-Gamejam_Team1_OlesovMaxim/ModifiedPlayerCharacter.cs using Guid(d9a7c7030b9463c488fc4a1d3beb27bd) Importer(815301076,1909f56bfc062723c751e8b465ee728b)  -> (artifact id: '5b5718c982a1e3b92bb47b491f39c85e') in 0.006412 seconds 
  Import took 0.011148 seconds .

========================================================================
Received Import Request.
  Time since last request: 0.013423 seconds.
  path: Assets/2DGamekit/Scripts/GB-Gamejam_Team1_OlesovMaxim/ModifiedPlayerCharacter.cs
  artifactKey: Guid(d9a7c7030b9463c488fc4a1d3beb27bd) Importer(815301076,1909f56bfc062723c751e8b465ee728b)
Start importing Assets/2DGamekit/Scripts/GB-Gamejam_Team1_OlesovMaxim/ModifiedPlayerCharacter.cs using Guid(d9a7c7030b9463c488fc4a1d3beb27bd) Importer(815301076,1909f56bfc062723c751e8b465ee728b)  -> (artifact id: '5b5718c982a1e3b92bb47b491f39c85e') in 0.002581 seconds 
  Import took 0.008508 seconds .

========================================================================
Received Import Request.
  Time since last request: 14.131512 seconds.
  path: Assets/2DGamekit/Scripts/GB-Gamejam_Team1_OlesovMaxim/StateMachineBehaviours
  artifactKey: Guid(2b01ca36a10ca7f4cb3390c361a5ba30) Importer(815301076,1909f56bfc062723c751e8b465ee728b)
Start importing Assets/2DGamekit/Scripts/GB-Gamejam_Team1_OlesovMaxim/StateMachineBehaviours using Guid(2b01ca36a10ca7f4cb3390c361a5ba30) Importer(815301076,1909f56bfc062723c751e8b465ee728b)  -> (artifact id: 'b1d49353bbcf2aeb8a6dcb2ec28130cc') in 0.003940 seconds 
  Import took 0.009466 seconds .

AssetImportWorkerClient::OnTransportError - code=2 error=End of file
